Build started 09.01.2020 13:18:43.
     1>Project "C:\Users\student\Desktop\outcall2-master\OutCALL.vcxproj" on node 2 (Build target(s)).
     1>CustomBuild:
         Moc'ing AboutDialog.h...
         Moc'ing AddExtensionDialog.h...
         Moc'ing AddLanguageDialog.h...
         Moc'ing AsteriskManager.h...
         Moc'ing CallHistoryDialog.h...
         Moc'ing ContactDialog.h...
         Moc'ing ContactManager.h...
         Moc'ing DebugInfoDialog.h...
         Moc'ing LocalServer.h...
         Moc'ing Notifier.h...
         Moc'ing PlaceCallDialog.h...
         Moc'ing PopupWindow.h...
         Moc'ing QOutCallLabel.h...
         Moc'ing SearchBox.h...
         Moc'ing SettingsDialog.h...
         Moc'ing SpeedDialDialog.h...
         Moc'ing SyncContactsThread.h...
         Uic'ing AboutDialog.ui...
         Uic'ing AddExtensionDialog.ui...
         Uic'ing AddLanguageDialog.ui...
         Uic'ing CallHistoryDialog.ui...
         Uic'ing ContactDialog.ui...
         Uic'ing DebugInfoDialog.ui...
         Uic'ing PlaceCallDialog.ui...
         Uic'ing PopupWindow.ui...
         Uic'ing SettingsDialog.ui...
     1>C:\Users\student\Desktop\outcall2-master\SettingsDialog.ui : warning : The name 'layoutWidget' (QWidget) is already in use, defaulting to 'layoutWidget1'.
         Uic'ing SpeedDialDialog.ui...
         Rcc'ing images.qrc...
     1>C:\Program Files (x86)\MSBuild\Microsoft.Cpp\v4.0\V120\Microsoft.CppBuild.targets(935,5): warning MSB8027: Two or more files with the name of moc_AboutDialog.cpp will produce outputs to the same location. This can lead to an incorrect build result.  The files involved are Debug\moc_AboutDialog.cpp, Release\moc_AboutDialog.cpp.
     1>C:\Program Files (x86)\MSBuild\Microsoft.Cpp\v4.0\V120\Microsoft.CppBuild.targets(935,5): warning MSB8027: Two or more files with the name of moc_AddExtensionDialog.cpp will produce outputs to the same location. This can lead to an incorrect build result.  The files involved are Debug\moc_AddExtensionDialog.cpp, Release\moc_AddExtensionDialog.cpp.
     1>C:\Program Files (x86)\MSBuild\Microsoft.Cpp\v4.0\V120\Microsoft.CppBuild.targets(935,5): warning MSB8027: Two or more files with the name of moc_AddLanguageDialog.cpp will produce outputs to the same location. This can lead to an incorrect build result.  The files involved are Debug\moc_AddLanguageDialog.cpp, Release\moc_AddLanguageDialog.cpp.
     1>C:\Program Files (x86)\MSBuild\Microsoft.Cpp\v4.0\V120\Microsoft.CppBuild.targets(935,5): warning MSB8027: Two or more files with the name of moc_AsteriskManager.cpp will produce outputs to the same location. This can lead to an incorrect build result.  The files involved are Debug\moc_AsteriskManager.cpp, Release\moc_AsteriskManager.cpp.
     1>C:\Program Files (x86)\MSBuild\Microsoft.Cpp\v4.0\V120\Microsoft.CppBuild.targets(935,5): warning MSB8027: Two or more files with the name of moc_CallHistoryDialog.cpp will produce outputs to the same location. This can lead to an incorrect build result.  The files involved are Debug\moc_CallHistoryDialog.cpp, Release\moc_CallHistoryDialog.cpp.
     1>C:\Program Files (x86)\MSBuild\Microsoft.Cpp\v4.0\V120\Microsoft.CppBuild.targets(935,5): warning MSB8027: Two or more files with the name of moc_ContactDialog.cpp will produce outputs to the same location. This can lead to an incorrect build result.  The files involved are Debug\moc_ContactDialog.cpp, Release\moc_ContactDialog.cpp.
     1>C:\Program Files (x86)\MSBuild\Microsoft.Cpp\v4.0\V120\Microsoft.CppBuild.targets(935,5): warning MSB8027: Two or more files with the name of moc_ContactManager.cpp will produce outputs to the same location. This can lead to an incorrect build result.  The files involved are Debug\moc_ContactManager.cpp, Release\moc_ContactManager.cpp.
     1>C:\Program Files (x86)\MSBuild\Microsoft.Cpp\v4.0\V120\Microsoft.CppBuild.targets(935,5): warning MSB8027: Two or more files with the name of moc_DebugInfoDialog.cpp will produce outputs to the same location. This can lead to an incorrect build result.  The files involved are Debug\moc_DebugInfoDialog.cpp, Release\moc_DebugInfoDialog.cpp.
     1>C:\Program Files (x86)\MSBuild\Microsoft.Cpp\v4.0\V120\Microsoft.CppBuild.targets(935,5): warning MSB8027: Two or more files with the name of moc_LocalServer.cpp will produce outputs to the same location. This can lead to an incorrect build result.  The files involved are Debug\moc_LocalServer.cpp, Release\moc_LocalServer.cpp.
     1>C:\Program Files (x86)\MSBuild\Microsoft.Cpp\v4.0\V120\Microsoft.CppBuild.targets(935,5): warning MSB8027: Two or more files with the name of moc_Notifier.cpp will produce outputs to the same location. This can lead to an incorrect build result.  The files involved are Debug\moc_Notifier.cpp, Release\moc_Notifier.cpp.
     1>C:\Program Files (x86)\MSBuild\Microsoft.Cpp\v4.0\V120\Microsoft.CppBuild.targets(935,5): warning MSB8027: Two or more files with the name of moc_PlaceCallDialog.cpp will produce outputs to the same location. This can lead to an incorrect build result.  The files involved are Debug\moc_PlaceCallDialog.cpp, Release\moc_PlaceCallDialog.cpp.
     1>C:\Program Files (x86)\MSBuild\Microsoft.Cpp\v4.0\V120\Microsoft.CppBuild.targets(935,5): warning MSB8027: Two or more files with the name of moc_PopupWindow.cpp will produce outputs to the same location. This can lead to an incorrect build result.  The files involved are Debug\moc_PopupWindow.cpp, Release\moc_PopupWindow.cpp.
     1>C:\Program Files (x86)\MSBuild\Microsoft.Cpp\v4.0\V120\Microsoft.CppBuild.targets(935,5): warning MSB8027: Two or more files with the name of moc_QOutCallLabel.cpp will produce outputs to the same location. This can lead to an incorrect build result.  The files involved are Debug\moc_QOutCallLabel.cpp, Release\moc_QOutCallLabel.cpp.
     1>C:\Program Files (x86)\MSBuild\Microsoft.Cpp\v4.0\V120\Microsoft.CppBuild.targets(935,5): warning MSB8027: Two or more files with the name of moc_SearchBox.cpp will produce outputs to the same location. This can lead to an incorrect build result.  The files involved are Debug\moc_SearchBox.cpp, Release\moc_SearchBox.cpp.
     1>C:\Program Files (x86)\MSBuild\Microsoft.Cpp\v4.0\V120\Microsoft.CppBuild.targets(935,5): warning MSB8027: Two or more files with the name of moc_SettingsDialog.cpp will produce outputs to the same location. This can lead to an incorrect build result.  The files involved are Debug\moc_SettingsDialog.cpp, Release\moc_SettingsDialog.cpp.
     1>C:\Program Files (x86)\MSBuild\Microsoft.Cpp\v4.0\V120\Microsoft.CppBuild.targets(935,5): warning MSB8027: Two or more files with the name of moc_SpeedDialDialog.cpp will produce outputs to the same location. This can lead to an incorrect build result.  The files involved are Debug\moc_SpeedDialDialog.cpp, Release\moc_SpeedDialDialog.cpp.
     1>C:\Program Files (x86)\MSBuild\Microsoft.Cpp\v4.0\V120\Microsoft.CppBuild.targets(935,5): warning MSB8027: Two or more files with the name of moc_SyncContactsThread.cpp will produce outputs to the same location. This can lead to an incorrect build result.  The files involved are Debug\moc_SyncContactsThread.cpp, Release\moc_SyncContactsThread.cpp.
       ClCompile:
         C:\Program Files (x86)\Microsoft Visual Studio 12.0\VC\bin\x86_amd64\CL.exe /c /I. /I..\..\..\..\qt\qt5.5.1\5.5\msvc2013_64\include /I..\..\..\..\qt\qt5.5.1\5.5\msvc2013_64\include\QtWidgets /I..\..\..\..\qt\qt5.5.1\5.5\msvc2013_64\include\QtGui /I..\..\..\..\qt\qt5.5.1\5.5\msvc2013_64\include\QtANGLE /I..\..\..\..\qt\qt5.5.1\5.5\msvc2013_64\include\QtNetwork /I..\..\..\..\qt\qt5.5.1\5.5\msvc2013_64\include\QtSql /I..\..\..\..\qt\qt5.5.1\5.5\msvc2013_64\include\QtCore /Idebug /I. /I"..\..\..\..\qt\qt5.5.1\5.5\msvc2013_64\mkspecs\win32-msvc2013" /I.\GeneratedFiles /Zi /nologo /W3 /WX- /Od /D _WINDOWS /D UNICODE /D WIN32 /D WIN64 /D QT_WIDGETS_LIB /D QT_GUI_LIB /D QT_NETWORK_LIB /D QT_SQL_LIB /D QT_CORE_LIB /Gm- /EHsc /MDd /GS /fp:precise /Zc:wchar_t /Zc:forScope /GR /Fo"x64\Debug\\" /Fd"x64\Debug\vc120.pdb" /Gd /TP /errorReport:prompt -w34100 -w34189 -w44996 AboutDialog.cpp AddExtensionDialog.cpp AddLanguageDialog.cpp AsteriskManager.cpp CallHistoryDialog.cpp ContactDialog.cpp ContactManager.cpp DebugInfoDialog.cpp Debug\moc_AboutDialog.cpp Debug\moc_AddExtensionDialog.cpp Debug\moc_AddLanguageDialog.cpp Debug\moc_AsteriskManager.cpp Debug\moc_CallHistoryDialog.cpp Debug\moc_ContactDialog.cpp Debug\moc_ContactManager.cpp Debug\moc_DebugInfoDialog.cpp Debug\moc_LocalServer.cpp Debug\moc_Notifier.cpp Debug\moc_PlaceCallDialog.cpp Debug\moc_PopupWindow.cpp Debug\moc_QOutCallLabel.cpp Debug\moc_SearchBox.cpp Debug\moc_SettingsDialog.cpp Debug\moc_SpeedDialDialog.cpp Debug\moc_SyncContactsThread.cpp Global.cpp LocalServer.cpp Notifier.cpp OutCALL.cpp PlaceCallDialog.cpp PopupWindow.cpp QOutCallLabel.cpp SearchBox.cpp SettingsDialog.cpp SpeedDialDialog.cpp SyncContactsThread.cpp main.cpp
         AboutDialog.cpp
         AddExtensionDialog.cpp
         AddLanguageDialog.cpp
         AsteriskManager.cpp
         CallHistoryDialog.cpp
         ContactDialog.cpp
         ContactManager.cpp
         DebugInfoDialog.cpp
         moc_AboutDialog.cpp
         moc_AddExtensionDialog.cpp
         moc_AddLanguageDialog.cpp
         moc_AsteriskManager.cpp
         moc_CallHistoryDialog.cpp
         moc_ContactDialog.cpp
         moc_ContactManager.cpp
         moc_DebugInfoDialog.cpp
         moc_LocalServer.cpp
         moc_Notifier.cpp
         moc_PlaceCallDialog.cpp
         moc_PopupWindow.cpp
         Generating Code...
         Compiling...
         moc_QOutCallLabel.cpp
         moc_SearchBox.cpp
         moc_SettingsDialog.cpp
         moc_SpeedDialDialog.cpp
         moc_SyncContactsThread.cpp
         Global.cpp
         LocalServer.cpp
         Notifier.cpp
         OutCALL.cpp
         PlaceCallDialog.cpp
         PopupWindow.cpp
         QOutCallLabel.cpp
         SearchBox.cpp
         SettingsDialog.cpp
         SpeedDialDialog.cpp
         SyncContactsThread.cpp
         main.cpp
         Generating Code...
         C:\Program Files (x86)\Microsoft Visual Studio 12.0\VC\bin\x86_amd64\CL.exe /c /I. /I..\..\..\..\qt\qt5.5.1\5.5\msvc2013_64\include /I..\..\..\..\qt\qt5.5.1\5.5\msvc2013_64\include\QtWidgets /I..\..\..\..\qt\qt5.5.1\5.5\msvc2013_64\include\QtGui /I..\..\..\..\qt\qt5.5.1\5.5\msvc2013_64\include\QtANGLE /I..\..\..\..\qt\qt5.5.1\5.5\msvc2013_64\include\QtNetwork /I..\..\..\..\qt\qt5.5.1\5.5\msvc2013_64\include\QtSql /I..\..\..\..\qt\qt5.5.1\5.5\msvc2013_64\include\QtCore /Idebug /I. /I"..\..\..\..\qt\qt5.5.1\5.5\msvc2013_64\mkspecs\win32-msvc2013" /I.\GeneratedFiles /Zi /nologo /W3 /WX- /Od /D _WINDOWS /D UNICODE /D WIN32 /D WIN64 /D QT_WIDGETS_LIB /D QT_GUI_LIB /D QT_NETWORK_LIB /D QT_SQL_LIB /D QT_CORE_LIB /Gm- /EHsc /MDd /GS /fp:precise /Zc:wchar_t /Zc:forScope /GR /Fo"x64\Debug\\" /Fd"x64\Debug\vc120.pdb" /Gd /TP /errorReport:prompt -w34100 -w34189 -w44996 GeneratedFiles\qrc_images.cpp
         qrc_images.cpp
       Link:
         C:\Program Files (x86)\Microsoft Visual Studio 12.0\VC\bin\x86_amd64\link.exe /ERRORREPORT:PROMPT /OUT:"debug\\OutCALL.exe" /NOLOGO /LIBPATH:C:\Qt\Qt5.5.1\5.5\msvc2013_64\lib /LIBPATH:C:/qt/qt5.5.1/5.5/msvc2013_64/lib /LIBPATH:C:\Qt\Qt5.5.1\5.5\msvc2013_64\lib C:\Qt\Qt5.5.1\5.5\msvc2013_64\lib\qtmaind.lib shell32.lib C:/qt/qt5.5.1/5.5/msvc2013_64/lib\Qt5Cored.lib Shell32.lib Advapi32.lib C:\Qt\Qt5.5.1\5.5\msvc2013_64\lib\Qt5Widgetsd.lib C:\Qt\Qt5.5.1\5.5\msvc2013_64\lib\Qt5Guid.lib C:\Qt\Qt5.5.1\5.5\msvc2013_64\lib\Qt5Networkd.lib C:\Qt\Qt5.5.1\5.5\msvc2013_64\lib\Qt5Sqld.lib C:\Qt\Qt5.5.1\5.5\msvc2013_64\lib\Qt5Cored.lib kernel32.lib user32.lib gdi32.lib winspool.lib comdlg32.lib advapi32.lib shell32.lib ole32.lib oleaut32.lib uuid.lib odbc32.lib odbccp32.lib /MANIFEST /MANIFESTUAC:"level='asInvoker' uiAccess='false'" /manifest:embed /DEBUG /PDB:"debug\OutCALL.pdb" /SUBSYSTEM:WINDOWS /TLBID:1 /DYNAMICBASE /NXCOMPAT /MACHINE:X64 "/MANIFESTDEPENDENCY:type='win32' name='Microsoft.Windows.Common-Controls' version='6.0.0.0' publicKeyToken='6595b64144ccf1df' language='*' processorArchitecture='*'" x64\Debug\AboutDialog.obj
         x64\Debug\AddExtensionDialog.obj
         x64\Debug\AddLanguageDialog.obj
         x64\Debug\AsteriskManager.obj
         x64\Debug\CallHistoryDialog.obj
         x64\Debug\ContactDialog.obj
         x64\Debug\ContactManager.obj
         x64\Debug\DebugInfoDialog.obj
         x64\Debug\moc_AboutDialog.obj
         x64\Debug\moc_AddExtensionDialog.obj
         x64\Debug\moc_AddLanguageDialog.obj
         x64\Debug\moc_AsteriskManager.obj
         x64\Debug\moc_CallHistoryDialog.obj
         x64\Debug\moc_ContactDialog.obj
         x64\Debug\moc_ContactManager.obj
         x64\Debug\moc_DebugInfoDialog.obj
         x64\Debug\moc_LocalServer.obj
         x64\Debug\moc_Notifier.obj
         x64\Debug\moc_PlaceCallDialog.obj
         x64\Debug\moc_PopupWindow.obj
         x64\Debug\moc_QOutCallLabel.obj
         x64\Debug\moc_SearchBox.obj
         x64\Debug\moc_SettingsDialog.obj
         x64\Debug\moc_SpeedDialDialog.obj
         x64\Debug\moc_SyncContactsThread.obj
         x64\Debug\qrc_images.obj
         x64\Debug\Global.obj
         x64\Debug\LocalServer.obj
         x64\Debug\Notifier.obj
         x64\Debug\OutCALL.obj
         x64\Debug\PlaceCallDialog.obj
         x64\Debug\PopupWindow.obj
         x64\Debug\QOutCallLabel.obj
         x64\Debug\SearchBox.obj
         x64\Debug\SettingsDialog.obj
         x64\Debug\SpeedDialDialog.obj
         x64\Debug\SyncContactsThread.obj
         x64\Debug\main.obj
         OutCALL.vcxproj -> C:\Users\student\Desktop\outcall2-master\debug\OutCALL.exe
     1>Done Building Project "C:\Users\student\Desktop\outcall2-master\OutCALL.vcxproj" (Build target(s)).

Build succeeded.

Time Elapsed 00:00:44.70
